z:~/Code/assgn3: submit 2013 fall enee 646 0101 3 cache.c
Please review the following information, and verify that it is correct. 

year:           2013
semester:       fall
college:        enee
course:         646
section:        0101
assignment:     3
filename:       cache.c

Do you wish to submit this assignment now? [yes/no] yes
Assignment 3 submitted!
z:~/Code/assgn3: submit 2013 fall enee 646 0101 3 cache.h
Please review the following information, and verify that it is correct. 

year:           2013
semester:       fall
college:        enee
course:         646
section:        0101
assignment:     3
filename:       cache.h

Do you wish to submit this assignment now? [yes/no] yes
Assignment 3 submitted!
z:~/Code/assgn3: submit 2013 fall enee 646 0101 3 m
main.c  main.h  
z:~/Code/assgn3: submit 2013 fall enee 646 0101 3 main.c
Please review the following information, and verify that it is correct. 

year:           2013
semester:       fall
college:        enee
course:         646
section:        0101
assignment:     3
filename:       main.c

Do you wish to submit this assignment now? [yes/no] yes
Assignment 3 submitted!
z:~/Code/assgn3: submit 2013 fall enee 646 0101 3 main.h 
Please review the following information, and verify that it is correct. 

year:           2013
semester:       fall
college:        enee
course:         646
section:        0101
assignment:     3
filename:       main.h

Do you wish to submit this assignment now? [yes/no] yes
Assignment 3 submitted!
z:~/Code/assgn3: submit 2013 fall enee 646 0101 3 Makefile 
Please review the following information, and verify that it is correct. 

year:           2013
semester:       fall
college:        enee
course:         646
section:        0101
assignment:     3
filename:       Makefile

Do you wish to submit this assignment now? [yes/no] yes
Assignment 3 submitted!
z:~/Code/assgn3: submit 2013 fall enee 646 0101 3 Assgn3_answers.pdf 
Please review the following information, and verify that it is correct. 

year:           2013
semester:       fall
college:        enee
course:         646
section:        0101
assignment:     3
filename:       Assgn3_answers.pdf

Do you wish to submit this assignment now? [yes/no] yes
Assignment 3 submitted!
